/afs/cad/sw.common/mentor.2012/leonardo_spectrum_2011a/bin/Linux/spectrum 
-------------------------------------------------
LeonardoSpectrum Level 3 - 2011a.4 (Release Production Release, compiled May 26 2011 at 11:43:50)
Copyright 1990-2010 Mentor Graphics.  All rights reserved.
Portions copyright 1991-2010 Compuware Corporation

Checking Security ...

   *** Welcome to Interactive LeonardoSpectrum Level 3 Version 2011a.4 ***

News :
  * Enter "help" to get an overview of all commands
  * Enter <command> -help  to get usage of each command

Session history will be logged to file '/afs/cad.njit.edu/u/j/k/jk526/ece758/vhdl_playground/hw4/leo/leospec.his'
/afs/cad.njit.edu/u/j/k/jk526
can't read "SRC": no such variable
../vhdl
Info: setting edifout_power_ground_style_is_net to TRUE
TRUE
wrong # args: should be "set varName ?newValue?"
wrong # args: should be "set varName ?newValue?"
wrong # args: should be "set varName ?newValue?"
Info: setting vhdl_write_use_packages to library ieee, adk; use ieee.std_logic_1164.all, use ieee.std_logic_signed.all, adk.adk_components.all;
library ieee, adk; use ieee.std_logic_1164.all, use ieee.std_logic_signed.all, adk.adk_components.all;
Reading library file `/afs/cad.njit.edu/u/j/k/jk526/tsmc035_typ.syn`...
Library version = 3.0 Release : Patch (a) : 09/13/04
Delays assume: Process=typical Temp= 27.0 C  Voltage=3.30 V  
Info: setting encoding to auto
Info, Command 'load_library' finished successfully
read: unknown option '-dont_ELABORATE'
-- Reading file /afs/cad/sw.common/mentor.2012/leonardo_spectrum_2011a/data/standard.vhd for unit standard
-- Loading package standard into library std
-- Reading vhdl file /afs/cad.njit.edu/u/j/k/jk526/ece758/vhdl_playground/hw4/leo/../vhdl/q2_df.vhd into library work
-- Reading file /afs/cad/sw.common/mentor.2012/leonardo_spectrum_2011a/data/std_1164.vhd for unit std_logic_1164
-- Loading package std_logic_1164 into library ieee
-- Searching for SYNOPSYS package std_logic_signed..
-- Reading file /afs/cad/sw.common/mentor.2012/leonardo_spectrum_2011a/data/syn_sign.vhd for unit std_logic_signed
-- Searching for SYNOPSYS package std_logic_arith..
-- Reading file /afs/cad/sw.common/mentor.2012/leonardo_spectrum_2011a/data/syn_arit.vhd for unit std_logic_arith
-- Loading package std_logic_arith into library ieee
-- Loading package STD_LOGIC_SIGNED into library ieee
-- Loading entity sixteen_bit_adder_df into library work
-- Loading architecture dataflow of sixteen_bit_adder_df into library work
Error, 'q2_df' not found in HDL library 'work'
-- Compiling root entity sixteen_bit_adder_df(dataflow)
Info, Command 'elaborate' finished successfully
-- Compiling root entity sixteen_bit_adder_df(dataflow)
-- Info, replacing sixteen_bit_adder_df(dataflow)
Info, Command 'elaborate' finished successfully
pre_optimize: unknown option '-common-logic'
-- Start pre-optimization for design .work.sixteen_bit_adder_df.dataflow
Info, Command 'pre_optimize' finished successfully
NO wire table is found
-- Optimizing netlist .work.sixteen_bit_adder_df.dataflow
-- Matching combinational logic..
-- Matching non-combinational logic..
-- Covering..
-- CPU Time used :   00:00 Mapping
-- Final Design Rule Check..
Info, Command 'optimize' finished successfully
-- Writing file script_df_area_35.vhd
Info, Command 'write' finished successfully
-- Writing file script_df_area_35.v
Info, Command 'write' finished successfully
NO wire table is found



                        Critical Path Report

Critical path #1, (unconstrained path)
NAME                               GATE              ARRIVAL              LOAD
------------------------------------------------------------------------------
input_b(14)/                                   0.00  0.00 dn             0.03
ix102/Y                            xnor2       0.21  0.21 up             0.03
nx101                     (net)                0.00  0.21 up   (fan)     2.00
ix79/Y                             inv01       0.11  0.32 dn             0.01
nx78                      (net)                0.00  0.32 dn   (fan)     1.00
ix106/Y                            aoi32       0.49  0.82 up             0.03
nx105                     (net)                0.00  0.82 up   (fan)     2.00
ix89/Y                             inv01       0.10  0.91 dn             0.01
nx88                      (net)                0.00  0.91 dn   (fan)     1.00
ix114/Y                            aoi22       0.28  1.20 up             0.03
nx113                     (net)                0.00  1.20 up   (fan)     2.00
ix93/Y                             inv01       0.10  1.29 dn             0.01
nx92                      (net)                0.00  1.29 dn   (fan)     1.00
ix124/Y                            aoi22       0.27  1.57 up             0.03
nx123                     (net)                0.00  1.57 up   (fan)     2.00
ix97/Y                             inv01       0.10  1.66 dn             0.01
nx96                      (net)                0.00  1.66 dn   (fan)     1.00
ix134/Y                            aoi22       0.27  1.94 up             0.03
nx133                     (net)                0.00  1.94 up   (fan)     2.00
ix101/Y                            inv01       0.10  2.03 dn             0.01
nx100                     (net)                0.00  2.03 dn   (fan)     1.00
ix144/Y                            aoi22       0.27  2.31 up             0.03
nx143                     (net)                0.00  2.31 up   (fan)     2.00
ix105/Y                            inv01       0.10  2.40 dn             0.01
nx104                     (net)                0.00  2.40 dn   (fan)     1.00
ix154/Y                            aoi22       0.27  2.68 up             0.03
nx153                     (net)                0.00  2.68 up   (fan)     2.00
ix109/Y                            inv01       0.10  2.78 dn             0.01
nx108                     (net)                0.00  2.78 dn   (fan)     1.00
ix164/Y                            aoi22       0.27  3.05 up             0.03
nx163                     (net)                0.00  3.05 up   (fan)     2.00
ix113/Y                            inv01       0.10  3.15 dn             0.01
nx112                     (net)                0.00  3.15 dn   (fan)     1.00
ix174/Y                            aoi22       0.27  3.42 up             0.03
nx173                     (net)                0.00  3.42 up   (fan)     2.00
ix117/Y                            inv01       0.10  3.52 dn             0.01
nx116                     (net)                0.00  3.52 dn   (fan)     1.00
ix183/Y                            aoi22       0.27  3.79 up             0.03
nx182                     (net)                0.00  3.79 up   (fan)     2.00
ix121/Y                            inv01       0.10  3.89 dn             0.01
nx120                     (net)                0.00  3.89 dn   (fan)     1.00
ix190/Y                            aoi22       0.27  4.16 up             0.03
nx189                     (net)                0.00  4.16 up   (fan)     2.00
ix125/Y                            inv01       0.10  4.26 dn             0.01
nx124                     (net)                0.00  4.26 dn   (fan)     1.00
ix197/Y                            aoi22       0.27  4.53 up             0.03
nx196                     (net)                0.00  4.53 up   (fan)     2.00
ix129/Y                            inv01       0.10  4.63 dn             0.01
nx128                     (net)                0.00  4.63 dn   (fan)     1.00
ix204/Y                            aoi22       0.27  4.90 up             0.03
nx203                     (net)                0.00  4.90 up   (fan)     2.00
ix133/Y                            inv01       0.10  5.00 dn             0.01
nx132                     (net)                0.00  5.00 dn   (fan)     1.00
ix211/Y                            aoi22       0.27  5.28 up             0.03
nx210                     (net)                0.00  5.28 up   (fan)     2.00
ix137/Y                            inv01       0.10  5.37 dn             0.01
nx136                     (net)                0.00  5.37 dn   (fan)     1.00
ix218/Y                            aoi22       0.24  5.61 up             0.02
nx217                     (net)                0.00  5.61 up   (fan)     1.00
ix145/Y                            xnor2       0.19  5.80 dn             0.00
sum(0)                    (net)                0.00  5.80 dn   (fan)     1.00
sum(0)/                                        0.00  5.80 dn             0.00
data arrival time                                    5.80

data required time                                not specified
------------------------------------------------------------------------------
data required time                                not specified
data arrival time                                    5.80
                                                  ----------
                                               unconstrained path
------------------------------------------------------------------------------



Critical path #2, (unconstrained path)
NAME                               GATE              ARRIVAL              LOAD
------------------------------------------------------------------------------
input_a(14)/                                   0.00  0.00 dn             0.03
ix102/Y                            xnor2       0.17  0.17 up             0.03
nx101                     (net)                0.00  0.17 up   (fan)     2.00
ix79/Y                             inv01       0.11  0.28 dn             0.01
nx78                      (net)                0.00  0.28 dn   (fan)     1.00
ix106/Y                            aoi32       0.49  0.78 up             0.03
nx105                     (net)                0.00  0.78 up   (fan)     2.00
ix89/Y                             inv01       0.10  0.88 dn             0.01
nx88                      (net)                0.00  0.88 dn   (fan)     1.00
ix114/Y                            aoi22       0.28  1.16 up             0.03
nx113                     (net)                0.00  1.16 up   (fan)     2.00
ix93/Y                             inv01       0.10  1.25 dn             0.01
nx92                      (net)                0.00  1.25 dn   (fan)     1.00
ix124/Y                            aoi22       0.27  1.53 up             0.03
nx123                     (net)                0.00  1.53 up   (fan)     2.00
ix97/Y                             inv01       0.10  1.63 dn             0.01
nx96                      (net)                0.00  1.63 dn   (fan)     1.00
ix134/Y                            aoi22       0.27  1.90 up             0.03
nx133                     (net)                0.00  1.90 up   (fan)     2.00
ix101/Y                            inv01       0.10  2.00 dn             0.01
nx100                     (net)                0.00  2.00 dn   (fan)     1.00
ix144/Y                            aoi22       0.27  2.27 up             0.03
nx143                     (net)                0.00  2.27 up   (fan)     2.00
ix105/Y                            inv01       0.10  2.37 dn             0.01
nx104                     (net)                0.00  2.37 dn   (fan)     1.00
ix154/Y                            aoi22       0.27  2.64 up             0.03
nx153                     (net)                0.00  2.64 up   (fan)     2.00
ix109/Y                            inv01       0.10  2.74 dn             0.01
nx108                     (net)                0.00  2.74 dn   (fan)     1.00
ix164/Y                            aoi22       0.27  3.01 up             0.03
nx163                     (net)                0.00  3.01 up   (fan)     2.00
ix113/Y                            inv01       0.10  3.11 dn             0.01
nx112                     (net)                0.00  3.11 dn   (fan)     1.00
ix174/Y                            aoi22       0.27  3.38 up             0.03
nx173                     (net)                0.00  3.38 up   (fan)     2.00
ix117/Y                            inv01       0.10  3.48 dn             0.01
nx116                     (net)                0.00  3.48 dn   (fan)     1.00
ix183/Y                            aoi22       0.27  3.75 up             0.03
nx182                     (net)                0.00  3.75 up   (fan)     2.00
ix121/Y                            inv01       0.10  3.85 dn             0.01
nx120                     (net)                0.00  3.85 dn   (fan)     1.00
ix190/Y                            aoi22       0.27  4.13 up             0.03
nx189                     (net)                0.00  4.13 up   (fan)     2.00
ix125/Y                            inv01       0.10  4.22 dn             0.01
nx124                     (net)                0.00  4.22 dn   (fan)     1.00
ix197/Y                            aoi22       0.27  4.50 up             0.03
nx196                     (net)                0.00  4.50 up   (fan)     2.00
ix129/Y                            inv01       0.10  4.59 dn             0.01
nx128                     (net)                0.00  4.59 dn   (fan)     1.00
ix204/Y                            aoi22       0.27  4.87 up             0.03
nx203                     (net)                0.00  4.87 up   (fan)     2.00
ix133/Y                            inv01       0.10  4.96 dn             0.01
nx132                     (net)                0.00  4.96 dn   (fan)     1.00
ix211/Y                            aoi22       0.27  5.24 up             0.03
nx210                     (net)                0.00  5.24 up   (fan)     2.00
ix137/Y                            inv01       0.10  5.33 dn             0.01
nx136                     (net)                0.00  5.33 dn   (fan)     1.00
ix218/Y                            aoi22       0.24  5.58 up             0.02
nx217                     (net)                0.00  5.58 up   (fan)     1.00
ix145/Y                            xnor2       0.19  5.76 dn             0.00
sum(0)                    (net)                0.00  5.76 dn   (fan)     1.00
sum(0)/                                        0.00  5.76 dn             0.00
data arrival time                                    5.76

data required time                                not specified
------------------------------------------------------------------------------
data required time                                not specified
data arrival time                                    5.76
                                                  ----------
                                               unconstrained path
------------------------------------------------------------------------------



Critical path #3, (unconstrained path)
NAME                               GATE              ARRIVAL              LOAD
------------------------------------------------------------------------------
input_b(14)/                                   0.00  0.00 dn             0.03
ix102/Y                            xnor2       0.21  0.21 up             0.03
nx101                     (net)                0.00  0.21 up   (fan)     2.00
ix79/Y                             inv01       0.11  0.32 dn             0.01
nx78                      (net)                0.00  0.32 dn   (fan)     1.00
ix106/Y                            aoi32       0.49  0.82 up             0.03
nx105                     (net)                0.00  0.82 up   (fan)     2.00
ix89/Y                             inv01       0.10  0.91 dn             0.01
nx88                      (net)                0.00  0.91 dn   (fan)     1.00
ix114/Y                            aoi22       0.28  1.20 up             0.03
nx113                     (net)                0.00  1.20 up   (fan)     2.00
ix93/Y                             inv01       0.10  1.29 dn             0.01
nx92                      (net)                0.00  1.29 dn   (fan)     1.00
ix124/Y                            aoi22       0.27  1.57 up             0.03
nx123                     (net)                0.00  1.57 up   (fan)     2.00
ix97/Y                             inv01       0.10  1.66 dn             0.01
nx96                      (net)                0.00  1.66 dn   (fan)     1.00
ix134/Y                            aoi22       0.27  1.94 up             0.03
nx133                     (net)                0.00  1.94 up   (fan)     2.00
ix101/Y                            inv01       0.10  2.03 dn             0.01
nx100                     (net)                0.00  2.03 dn   (fan)     1.00
ix144/Y                            aoi22       0.27  2.31 up             0.03
nx143                     (net)                0.00  2.31 up   (fan)     2.00
ix105/Y                            inv01       0.10  2.40 dn             0.01
nx104                     (net)                0.00  2.40 dn   (fan)     1.00
ix154/Y                            aoi22       0.27  2.68 up             0.03
nx153                     (net)                0.00  2.68 up   (fan)     2.00
ix109/Y                            inv01       0.10  2.78 dn             0.01
nx108                     (net)                0.00  2.78 dn   (fan)     1.00
ix164/Y                            aoi22       0.27  3.05 up             0.03
nx163                     (net)                0.00  3.05 up   (fan)     2.00
ix113/Y                            inv01       0.10  3.15 dn             0.01
nx112                     (net)                0.00  3.15 dn   (fan)     1.00
ix174/Y                            aoi22       0.27  3.42 up             0.03
nx173                     (net)                0.00  3.42 up   (fan)     2.00
ix117/Y                            inv01       0.10  3.52 dn             0.01
nx116                     (net)                0.00  3.52 dn   (fan)     1.00
ix183/Y                            aoi22       0.27  3.79 up             0.03
nx182                     (net)                0.00  3.79 up   (fan)     2.00
ix121/Y                            inv01       0.10  3.89 dn             0.01
nx120                     (net)                0.00  3.89 dn   (fan)     1.00
ix190/Y                            aoi22       0.27  4.16 up             0.03
nx189                     (net)                0.00  4.16 up   (fan)     2.00
ix125/Y                            inv01       0.10  4.26 dn             0.01
nx124                     (net)                0.00  4.26 dn   (fan)     1.00
ix197/Y                            aoi22       0.27  4.53 up             0.03
nx196                     (net)                0.00  4.53 up   (fan)     2.00
ix129/Y                            inv01       0.10  4.63 dn             0.01
nx128                     (net)                0.00  4.63 dn   (fan)     1.00
ix204/Y                            aoi22       0.27  4.90 up             0.03
nx203                     (net)                0.00  4.90 up   (fan)     2.00
ix133/Y                            inv01       0.10  5.00 dn             0.01
nx132                     (net)                0.00  5.00 dn   (fan)     1.00
ix211/Y                            aoi22       0.27  5.28 up             0.03
nx210                     (net)                0.00  5.28 up   (fan)     2.00
ix147/Y                            xor2        0.39  5.66 dn             0.00
sum(1)                    (net)                0.00  5.66 dn   (fan)     1.00
sum(1)/                                        0.00  5.66 dn             0.00
data arrival time                                    5.66

data required time                                not specified
------------------------------------------------------------------------------
data required time                                not specified
data arrival time                                    5.66
                                                  ----------
                                               unconstrained path
------------------------------------------------------------------------------



Critical path #4, (unconstrained path)
NAME                               GATE              ARRIVAL              LOAD
------------------------------------------------------------------------------
input_a(14)/                                   0.00  0.00 dn             0.03
ix102/Y                            xnor2       0.17  0.17 up             0.03
nx101                     (net)                0.00  0.17 up   (fan)     2.00
ix79/Y                             inv01       0.11  0.28 dn             0.01
nx78                      (net)                0.00  0.28 dn   (fan)     1.00
ix106/Y                            aoi32       0.49  0.78 up             0.03
nx105                     (net)                0.00  0.78 up   (fan)     2.00
ix89/Y                             inv01       0.10  0.88 dn             0.01
nx88                      (net)                0.00  0.88 dn   (fan)     1.00
ix114/Y                            aoi22       0.28  1.16 up             0.03
nx113                     (net)                0.00  1.16 up   (fan)     2.00
ix93/Y                             inv01       0.10  1.25 dn             0.01
nx92                      (net)                0.00  1.25 dn   (fan)     1.00
ix124/Y                            aoi22       0.27  1.53 up             0.03
nx123                     (net)                0.00  1.53 up   (fan)     2.00
ix97/Y                             inv01       0.10  1.63 dn             0.01
nx96                      (net)                0.00  1.63 dn   (fan)     1.00
ix134/Y                            aoi22       0.27  1.90 up             0.03
nx133                     (net)                0.00  1.90 up   (fan)     2.00
ix101/Y                            inv01       0.10  2.00 dn             0.01
nx100                     (net)                0.00  2.00 dn   (fan)     1.00
ix144/Y                            aoi22       0.27  2.27 up             0.03
nx143                     (net)                0.00  2.27 up   (fan)     2.00
ix105/Y                            inv01       0.10  2.37 dn             0.01
nx104                     (net)                0.00  2.37 dn   (fan)     1.00
ix154/Y                            aoi22       0.27  2.64 up             0.03
nx153                     (net)                0.00  2.64 up   (fan)     2.00
ix109/Y                            inv01       0.10  2.74 dn             0.01
nx108                     (net)                0.00  2.74 dn   (fan)     1.00
ix164/Y                            aoi22       0.27  3.01 up             0.03
nx163                     (net)                0.00  3.01 up   (fan)     2.00
ix113/Y                            inv01       0.10  3.11 dn             0.01
nx112                     (net)                0.00  3.11 dn   (fan)     1.00
ix174/Y                            aoi22       0.27  3.38 up             0.03
nx173                     (net)                0.00  3.38 up   (fan)     2.00
ix117/Y                            inv01       0.10  3.48 dn             0.01
nx116                     (net)                0.00  3.48 dn   (fan)     1.00
ix183/Y                            aoi22       0.27  3.75 up             0.03
nx182                     (net)                0.00  3.75 up   (fan)     2.00
ix121/Y                            inv01       0.10  3.85 dn             0.01
nx120                     (net)                0.00  3.85 dn   (fan)     1.00
ix190/Y                            aoi22       0.27  4.13 up             0.03
nx189                     (net)                0.00  4.13 up   (fan)     2.00
ix125/Y                            inv01       0.10  4.22 dn             0.01
nx124                     (net)                0.00  4.22 dn   (fan)     1.00
ix197/Y                            aoi22       0.27  4.50 up             0.03
nx196                     (net)                0.00  4.50 up   (fan)     2.00
ix129/Y                            inv01       0.10  4.59 dn             0.01
nx128                     (net)                0.00  4.59 dn   (fan)     1.00
ix204/Y                            aoi22       0.27  4.87 up             0.03
nx203                     (net)                0.00  4.87 up   (fan)     2.00
ix133/Y                            inv01       0.10  4.96 dn             0.01
nx132                     (net)                0.00  4.96 dn   (fan)     1.00
ix211/Y                            aoi22       0.27  5.24 up             0.03
nx210                     (net)                0.00  5.24 up   (fan)     2.00
ix147/Y                            xor2        0.39  5.63 dn             0.00
sum(1)                    (net)                0.00  5.63 dn   (fan)     1.00
sum(1)/                                        0.00  5.63 dn             0.00
data arrival time                                    5.63

data required time                                not specified
------------------------------------------------------------------------------
data required time                                not specified
data arrival time                                    5.63
                                                  ----------
                                               unconstrained path
------------------------------------------------------------------------------



Critical path #5, (unconstrained path)
NAME                               GATE              ARRIVAL              LOAD
------------------------------------------------------------------------------
input_a(15)/                                   0.00  0.00 dn             0.05
ix106/Y                            aoi32       0.42  0.42 up             0.03
nx105                     (net)                0.00  0.42 up   (fan)     2.00
ix89/Y                             inv01       0.10  0.51 dn             0.01
nx88                      (net)                0.00  0.51 dn   (fan)     1.00
ix114/Y                            aoi22       0.28  0.80 up             0.03
nx113                     (net)                0.00  0.80 up   (fan)     2.00
ix93/Y                             inv01       0.10  0.89 dn             0.01
nx92                      (net)                0.00  0.89 dn   (fan)     1.00
ix124/Y                            aoi22       0.27  1.17 up             0.03
nx123                     (net)                0.00  1.17 up   (fan)     2.00
ix97/Y                             inv01       0.10  1.26 dn             0.01
nx96                      (net)                0.00  1.26 dn   (fan)     1.00
ix134/Y                            aoi22       0.27  1.54 up             0.03
nx133                     (net)                0.00  1.54 up   (fan)     2.00
ix101/Y                            inv01       0.10  1.63 dn             0.01
nx100                     (net)                0.00  1.63 dn   (fan)     1.00
ix144/Y                            aoi22       0.27  1.91 up             0.03
nx143                     (net)                0.00  1.91 up   (fan)     2.00
ix105/Y                            inv01       0.10  2.01 dn             0.01
nx104                     (net)                0.00  2.01 dn   (fan)     1.00
ix154/Y                            aoi22       0.27  2.28 up             0.03
nx153                     (net)                0.00  2.28 up   (fan)     2.00
ix109/Y                            inv01       0.10  2.38 dn             0.01
nx108                     (net)                0.00  2.38 dn   (fan)     1.00
ix164/Y                            aoi22       0.27  2.65 up             0.03
nx163                     (net)                0.00  2.65 up   (fan)     2.00
ix113/Y                            inv01       0.10  2.75 dn             0.01
nx112                     (net)                0.00  2.75 dn   (fan)     1.00
ix174/Y                            aoi22       0.27  3.02 up             0.03
nx173                     (net)                0.00  3.02 up   (fan)     2.00
ix117/Y                            inv01       0.10  3.12 dn             0.01
nx116                     (net)                0.00  3.12 dn   (fan)     1.00
ix183/Y                            aoi22       0.27  3.39 up             0.03
nx182                     (net)                0.00  3.39 up   (fan)     2.00
ix121/Y                            inv01       0.10  3.49 dn             0.01
nx120                     (net)                0.00  3.49 dn   (fan)     1.00
ix190/Y                            aoi22       0.27  3.76 up             0.03
nx189                     (net)                0.00  3.76 up   (fan)     2.00
ix125/Y                            inv01       0.10  3.86 dn             0.01
nx124                     (net)                0.00  3.86 dn   (fan)     1.00
ix197/Y                            aoi22       0.27  4.13 up             0.03
nx196                     (net)                0.00  4.13 up   (fan)     2.00
ix129/Y                            inv01       0.10  4.23 dn             0.01
nx128                     (net)                0.00  4.23 dn   (fan)     1.00
ix204/Y                            aoi22       0.27  4.51 up             0.03
nx203                     (net)                0.00  4.51 up   (fan)     2.00
ix133/Y                            inv01       0.10  4.60 dn             0.01
nx132                     (net)                0.00  4.60 dn   (fan)     1.00
ix211/Y                            aoi22       0.27  4.88 up             0.03
nx210                     (net)                0.00  4.88 up   (fan)     2.00
ix137/Y                            inv01       0.10  4.97 dn             0.01
nx136                     (net)                0.00  4.97 dn   (fan)     1.00
ix218/Y                            aoi22       0.24  5.21 up             0.02
nx217                     (net)                0.00  5.21 up   (fan)     1.00
ix145/Y                            xnor2       0.19  5.40 dn             0.00
sum(0)                    (net)                0.00  5.40 dn   (fan)     1.00
sum(0)/                                        0.00  5.40 dn             0.00
data arrival time                                    5.40

data required time                                not specified
------------------------------------------------------------------------------
data required time                                not specified
data arrival time                                    5.40
                                                  ----------
                                               unconstrained path
------------------------------------------------------------------------------



Critical path #6, (unconstrained path)
NAME                               GATE              ARRIVAL              LOAD
------------------------------------------------------------------------------
input_b(15)/                                   0.00  0.00 dn             0.04
ix106/Y                            aoi32       0.36  0.36 up             0.03
nx105                     (net)                0.00  0.36 up   (fan)     2.00
ix89/Y                             inv01       0.10  0.46 dn             0.01
nx88                      (net)                0.00  0.46 dn   (fan)     1.00
ix114/Y                            aoi22       0.28  0.74 up             0.03
nx113                     (net)                0.00  0.74 up   (fan)     2.00
ix93/Y                             inv01       0.10  0.84 dn             0.01
nx92                      (net)                0.00  0.84 dn   (fan)     1.00
ix124/Y                            aoi22       0.27  1.11 up             0.03
nx123                     (net)                0.00  1.11 up   (fan)     2.00
ix97/Y                             inv01       0.10  1.21 dn             0.01
nx96                      (net)                0.00  1.21 dn   (fan)     1.00
ix134/Y                            aoi22       0.27  1.48 up             0.03
nx133                     (net)                0.00  1.48 up   (fan)     2.00
ix101/Y                            inv01       0.10  1.58 dn             0.01
nx100                     (net)                0.00  1.58 dn   (fan)     1.00
ix144/Y                            aoi22       0.27  1.85 up             0.03
nx143                     (net)                0.00  1.85 up   (fan)     2.00
ix105/Y                            inv01       0.10  1.95 dn             0.01
nx104                     (net)                0.00  1.95 dn   (fan)     1.00
ix154/Y                            aoi22       0.27  2.22 up             0.03
nx153                     (net)                0.00  2.22 up   (fan)     2.00
ix109/Y                            inv01       0.10  2.32 dn             0.01
nx108                     (net)                0.00  2.32 dn   (fan)     1.00
ix164/Y                            aoi22       0.27  2.59 up             0.03
nx163                     (net)                0.00  2.59 up   (fan)     2.00
ix113/Y                            inv01       0.10  2.69 dn             0.01
nx112                     (net)                0.00  2.69 dn   (fan)     1.00
ix174/Y                            aoi22       0.27  2.96 up             0.03
nx173                     (net)                0.00  2.96 up   (fan)     2.00
ix117/Y                            inv01       0.10  3.06 dn             0.01
nx116                     (net)                0.00  3.06 dn   (fan)     1.00
ix183/Y                            aoi22       0.27  3.34 up             0.03
nx182                     (net)                0.00  3.34 up   (fan)     2.00
ix121/Y                            inv01       0.10  3.43 dn             0.01
nx120                     (net)                0.00  3.43 dn   (fan)     1.00
ix190/Y                            aoi22       0.27  3.71 up             0.03
nx189                     (net)                0.00  3.71 up   (fan)     2.00
ix125/Y                            inv01       0.10  3.80 dn             0.01
nx124                     (net)                0.00  3.80 dn   (fan)     1.00
ix197/Y                            aoi22       0.27  4.08 up             0.03
nx196                     (net)                0.00  4.08 up   (fan)     2.00
ix129/Y                            inv01       0.10  4.17 dn             0.01
nx128                     (net)                0.00  4.17 dn   (fan)     1.00
ix204/Y                            aoi22       0.27  4.45 up             0.03
nx203                     (net)                0.00  4.45 up   (fan)     2.00
ix133/Y                            inv01       0.10  4.54 dn             0.01
nx132                     (net)                0.00  4.54 dn   (fan)     1.00
ix211/Y                            aoi22       0.27  4.82 up             0.03
nx210                     (net)                0.00  4.82 up   (fan)     2.00
ix137/Y                            inv01       0.10  4.92 dn             0.01
nx136                     (net)                0.00  4.92 dn   (fan)     1.00
ix218/Y                            aoi22       0.24  5.16 up             0.02
nx217                     (net)                0.00  5.16 up   (fan)     1.00
ix145/Y                            xnor2       0.19  5.34 dn             0.00
sum(0)                    (net)                0.00  5.34 dn   (fan)     1.00
sum(0)/                                        0.00  5.34 dn             0.00
data arrival time                                    5.34

data required time                                not specified
------------------------------------------------------------------------------
data required time                                not specified
data arrival time                                    5.34
                                                  ----------
                                               unconstrained path
------------------------------------------------------------------------------



Critical path #7, (unconstrained path)
NAME                               GATE              ARRIVAL              LOAD
------------------------------------------------------------------------------
input_b(14)/                                   0.00  0.00 dn             0.03
ix102/Y                            xnor2       0.21  0.21 up             0.03
nx101                     (net)                0.00  0.21 up   (fan)     2.00
ix79/Y                             inv01       0.11  0.32 dn             0.01
nx78                      (net)                0.00  0.32 dn   (fan)     1.00
ix106/Y                            aoi32       0.49  0.82 up             0.03
nx105                     (net)                0.00  0.82 up   (fan)     2.00
ix89/Y                             inv01       0.10  0.91 dn             0.01
nx88                      (net)                0.00  0.91 dn   (fan)     1.00
ix114/Y                            aoi22       0.28  1.20 up             0.03
nx113                     (net)                0.00  1.20 up   (fan)     2.00
ix93/Y                             inv01       0.10  1.29 dn             0.01
nx92                      (net)                0.00  1.29 dn   (fan)     1.00
ix124/Y                            aoi22       0.27  1.57 up             0.03
nx123                     (net)                0.00  1.57 up   (fan)     2.00
ix97/Y                             inv01       0.10  1.66 dn             0.01
nx96                      (net)                0.00  1.66 dn   (fan)     1.00
ix134/Y                            aoi22       0.27  1.94 up             0.03
nx133                     (net)                0.00  1.94 up   (fan)     2.00
ix101/Y                            inv01       0.10  2.03 dn             0.01
nx100                     (net)                0.00  2.03 dn   (fan)     1.00
ix144/Y                            aoi22       0.27  2.31 up             0.03
nx143                     (net)                0.00  2.31 up   (fan)     2.00
ix105/Y                            inv01       0.10  2.40 dn             0.01
nx104                     (net)                0.00  2.40 dn   (fan)     1.00
ix154/Y                            aoi22       0.27  2.68 up             0.03
nx153                     (net)                0.00  2.68 up   (fan)     2.00
ix109/Y                            inv01       0.10  2.78 dn             0.01
nx108                     (net)                0.00  2.78 dn   (fan)     1.00
ix164/Y                            aoi22       0.27  3.05 up             0.03
nx163                     (net)                0.00  3.05 up   (fan)     2.00
ix113/Y                            inv01       0.10  3.15 dn             0.01
nx112                     (net)                0.00  3.15 dn   (fan)     1.00
ix174/Y                            aoi22       0.27  3.42 up             0.03
nx173                     (net)                0.00  3.42 up   (fan)     2.00
ix117/Y                            inv01       0.10  3.52 dn             0.01
nx116                     (net)                0.00  3.52 dn   (fan)     1.00
ix183/Y                            aoi22       0.27  3.79 up             0.03
nx182                     (net)                0.00  3.79 up   (fan)     2.00
ix121/Y                            inv01       0.10  3.89 dn             0.01
nx120                     (net)                0.00  3.89 dn   (fan)     1.00
ix190/Y                            aoi22       0.27  4.16 up             0.03
nx189                     (net)                0.00  4.16 up   (fan)     2.00
ix125/Y                            inv01       0.10  4.26 dn             0.01
nx124                     (net)                0.00  4.26 dn   (fan)     1.00
ix197/Y                            aoi22       0.27  4.53 up             0.03
nx196                     (net)                0.00  4.53 up   (fan)     2.00
ix129/Y                            inv01       0.10  4.63 dn             0.01
nx128                     (net)                0.00  4.63 dn   (fan)     1.00
ix204/Y                            aoi22       0.27  4.90 up             0.03
nx203                     (net)                0.00  4.90 up   (fan)     2.00
ix149/Y                            xor2        0.39  5.29 dn             0.00
sum(2)                    (net)                0.00  5.29 dn   (fan)     1.00
sum(2)/                                        0.00  5.29 dn             0.00
data arrival time                                    5.29

data required time                                not specified
------------------------------------------------------------------------------
data required time                                not specified
data arrival time                                    5.29
                                                  ----------
                                               unconstrained path
------------------------------------------------------------------------------



Critical path #8, (unconstrained path)
NAME                               GATE              ARRIVAL              LOAD
------------------------------------------------------------------------------
input_a(15)/                                   0.00  0.00 dn             0.05
ix106/Y                            aoi32       0.42  0.42 up             0.03
nx105                     (net)                0.00  0.42 up   (fan)     2.00
ix89/Y                             inv01       0.10  0.51 dn             0.01
nx88                      (net)                0.00  0.51 dn   (fan)     1.00
ix114/Y                            aoi22       0.28  0.80 up             0.03
nx113                     (net)                0.00  0.80 up   (fan)     2.00
ix93/Y                             inv01       0.10  0.89 dn             0.01
nx92                      (net)                0.00  0.89 dn   (fan)     1.00
ix124/Y                            aoi22       0.27  1.17 up             0.03
nx123                     (net)                0.00  1.17 up   (fan)     2.00
ix97/Y                             inv01       0.10  1.26 dn             0.01
nx96                      (net)                0.00  1.26 dn   (fan)     1.00
ix134/Y                            aoi22       0.27  1.54 up             0.03
nx133                     (net)                0.00  1.54 up   (fan)     2.00
ix101/Y                            inv01       0.10  1.63 dn             0.01
nx100                     (net)                0.00  1.63 dn   (fan)     1.00
ix144/Y                            aoi22       0.27  1.91 up             0.03
nx143                     (net)                0.00  1.91 up   (fan)     2.00
ix105/Y                            inv01       0.10  2.01 dn             0.01
nx104                     (net)                0.00  2.01 dn   (fan)     1.00
ix154/Y                            aoi22       0.27  2.28 up             0.03
nx153                     (net)                0.00  2.28 up   (fan)     2.00
ix109/Y                            inv01       0.10  2.38 dn             0.01
nx108                     (net)                0.00  2.38 dn   (fan)     1.00
ix164/Y                            aoi22       0.27  2.65 up             0.03
nx163                     (net)                0.00  2.65 up   (fan)     2.00
ix113/Y                            inv01       0.10  2.75 dn             0.01
nx112                     (net)                0.00  2.75 dn   (fan)     1.00
ix174/Y                            aoi22       0.27  3.02 up             0.03
nx173                     (net)                0.00  3.02 up   (fan)     2.00
ix117/Y                            inv01       0.10  3.12 dn             0.01
nx116                     (net)                0.00  3.12 dn   (fan)     1.00
ix183/Y                            aoi22       0.27  3.39 up             0.03
nx182                     (net)                0.00  3.39 up   (fan)     2.00
ix121/Y                            inv01       0.10  3.49 dn             0.01
nx120                     (net)                0.00  3.49 dn   (fan)     1.00
ix190/Y                            aoi22       0.27  3.76 up             0.03
nx189                     (net)                0.00  3.76 up   (fan)     2.00
ix125/Y                            inv01       0.10  3.86 dn             0.01
nx124                     (net)                0.00  3.86 dn   (fan)     1.00
ix197/Y                            aoi22       0.27  4.13 up             0.03
nx196                     (net)                0.00  4.13 up   (fan)     2.00
ix129/Y                            inv01       0.10  4.23 dn             0.01
nx128                     (net)                0.00  4.23 dn   (fan)     1.00
ix204/Y                            aoi22       0.27  4.51 up             0.03
nx203                     (net)                0.00  4.51 up   (fan)     2.00
ix133/Y                            inv01       0.10  4.60 dn             0.01
nx132                     (net)                0.00  4.60 dn   (fan)     1.00
ix211/Y                            aoi22       0.27  4.88 up             0.03
nx210                     (net)                0.00  4.88 up   (fan)     2.00
ix147/Y                            xor2        0.39  5.27 dn             0.00
sum(1)                    (net)                0.00  5.27 dn   (fan)     1.00
sum(1)/                                        0.00  5.27 dn             0.00
data arrival time                                    5.27

data required time                                not specified
------------------------------------------------------------------------------
data required time                                not specified
data arrival time                                    5.27
                                                  ----------
                                               unconstrained path
------------------------------------------------------------------------------



Critical path #9, (unconstrained path)
NAME                               GATE              ARRIVAL              LOAD
------------------------------------------------------------------------------
input_a(14)/                                   0.00  0.00 dn             0.03
ix102/Y                            xnor2       0.17  0.17 up             0.03
nx101                     (net)                0.00  0.17 up   (fan)     2.00
ix79/Y                             inv01       0.11  0.28 dn             0.01
nx78                      (net)                0.00  0.28 dn   (fan)     1.00
ix106/Y                            aoi32       0.49  0.78 up             0.03
nx105                     (net)                0.00  0.78 up   (fan)     2.00
ix89/Y                             inv01       0.10  0.88 dn             0.01
nx88                      (net)                0.00  0.88 dn   (fan)     1.00
ix114/Y                            aoi22       0.28  1.16 up             0.03
nx113                     (net)                0.00  1.16 up   (fan)     2.00
ix93/Y                             inv01       0.10  1.25 dn             0.01
nx92                      (net)                0.00  1.25 dn   (fan)     1.00
ix124/Y                            aoi22       0.27  1.53 up             0.03
nx123                     (net)                0.00  1.53 up   (fan)     2.00
ix97/Y                             inv01       0.10  1.63 dn             0.01
nx96                      (net)                0.00  1.63 dn   (fan)     1.00
ix134/Y                            aoi22       0.27  1.90 up             0.03
nx133                     (net)                0.00  1.90 up   (fan)     2.00
ix101/Y                            inv01       0.10  2.00 dn             0.01
nx100                     (net)                0.00  2.00 dn   (fan)     1.00
ix144/Y                            aoi22       0.27  2.27 up             0.03
nx143                     (net)                0.00  2.27 up   (fan)     2.00
ix105/Y                            inv01       0.10  2.37 dn             0.01
nx104                     (net)                0.00  2.37 dn   (fan)     1.00
ix154/Y                            aoi22       0.27  2.64 up             0.03
nx153                     (net)                0.00  2.64 up   (fan)     2.00
ix109/Y                            inv01       0.10  2.74 dn             0.01
nx108                     (net)                0.00  2.74 dn   (fan)     1.00
ix164/Y                            aoi22       0.27  3.01 up             0.03
nx163                     (net)                0.00  3.01 up   (fan)     2.00
ix113/Y                            inv01       0.10  3.11 dn             0.01
nx112                     (net)                0.00  3.11 dn   (fan)     1.00
ix174/Y                            aoi22       0.27  3.38 up             0.03
nx173                     (net)                0.00  3.38 up   (fan)     2.00
ix117/Y                            inv01       0.10  3.48 dn             0.01
nx116                     (net)                0.00  3.48 dn   (fan)     1.00
ix183/Y                            aoi22       0.27  3.75 up             0.03
nx182                     (net)                0.00  3.75 up   (fan)     2.00
ix121/Y                            inv01       0.10  3.85 dn             0.01
nx120                     (net)                0.00  3.85 dn   (fan)     1.00
ix190/Y                            aoi22       0.27  4.13 up             0.03
nx189                     (net)                0.00  4.13 up   (fan)     2.00
ix125/Y                            inv01       0.10  4.22 dn             0.01
nx124                     (net)                0.00  4.22 dn   (fan)     1.00
ix197/Y                            aoi22       0.27  4.50 up             0.03
nx196                     (net)                0.00  4.50 up   (fan)     2.00
ix129/Y                            inv01       0.10  4.59 dn             0.01
nx128                     (net)                0.00  4.59 dn   (fan)     1.00
ix204/Y                            aoi22       0.27  4.87 up             0.03
nx203                     (net)                0.00  4.87 up   (fan)     2.00
ix149/Y                            xor2        0.39  5.26 dn             0.00
sum(2)                    (net)                0.00  5.26 dn   (fan)     1.00
sum(2)/                                        0.00  5.26 dn             0.00
data arrival time                                    5.26

data required time                                not specified
------------------------------------------------------------------------------
data required time                                not specified
data arrival time                                    5.26
                                                  ----------
                                               unconstrained path
------------------------------------------------------------------------------



Critical path #10, (unconstrained path)
NAME                               GATE              ARRIVAL              LOAD
------------------------------------------------------------------------------
input_b(13)/                                   0.00  0.00 dn             0.03
ix110/Y                            xnor2       0.21  0.21 up             0.03
nx109                     (net)                0.00  0.21 up   (fan)     2.00
ix73/Y                             inv01       0.10  0.31 dn             0.01
nx72                      (net)                0.00  0.31 dn   (fan)     1.00
ix114/Y                            aoi22       0.30  0.61 up             0.03
nx113                     (net)                0.00  0.61 up   (fan)     2.00
ix93/Y                             inv01       0.10  0.71 dn             0.01
nx92                      (net)                0.00  0.71 dn   (fan)     1.00
ix124/Y                            aoi22       0.27  0.99 up             0.03
nx123                     (net)                0.00  0.99 up   (fan)     2.00
ix97/Y                             inv01       0.10  1.08 dn             0.01
nx96                      (net)                0.00  1.08 dn   (fan)     1.00
ix134/Y                            aoi22       0.27  1.36 up             0.03
nx133                     (net)                0.00  1.36 up   (fan)     2.00
ix101/Y                            inv01       0.10  1.45 dn             0.01
nx100                     (net)                0.00  1.45 dn   (fan)     1.00
ix144/Y                            aoi22       0.27  1.73 up             0.03
nx143                     (net)                0.00  1.73 up   (fan)     2.00
ix105/Y                            inv01       0.10  1.82 dn             0.01
nx104                     (net)                0.00  1.82 dn   (fan)     1.00
ix154/Y                            aoi22       0.27  2.10 up             0.03
nx153                     (net)                0.00  2.10 up   (fan)     2.00
ix109/Y                            inv01       0.10  2.19 dn             0.01
nx108                     (net)                0.00  2.19 dn   (fan)     1.00
ix164/Y                            aoi22       0.27  2.47 up             0.03
nx163                     (net)                0.00  2.47 up   (fan)     2.00
ix113/Y                            inv01       0.10  2.57 dn             0.01
nx112                     (net)                0.00  2.57 dn   (fan)     1.00
ix174/Y                            aoi22       0.27  2.84 up             0.03
nx173                     (net)                0.00  2.84 up   (fan)     2.00
ix117/Y                            inv01       0.10  2.94 dn             0.01
nx116                     (net)                0.00  2.94 dn   (fan)     1.00
ix183/Y                            aoi22       0.27  3.21 up             0.03
nx182                     (net)                0.00  3.21 up   (fan)     2.00
ix121/Y                            inv01       0.10  3.31 dn             0.01
nx120                     (net)                0.00  3.31 dn   (fan)     1.00
ix190/Y                            aoi22       0.27  3.58 up             0.03
nx189                     (net)                0.00  3.58 up   (fan)     2.00
ix125/Y                            inv01       0.10  3.68 dn             0.01
nx124                     (net)                0.00  3.68 dn   (fan)     1.00
ix197/Y                            aoi22       0.27  3.95 up             0.03
nx196                     (net)                0.00  3.95 up   (fan)     2.00
ix129/Y                            inv01       0.10  4.05 dn             0.01
nx128                     (net)                0.00  4.05 dn   (fan)     1.00
ix204/Y                            aoi22       0.27  4.32 up             0.03
nx203                     (net)                0.00  4.32 up   (fan)     2.00
ix133/Y                            inv01       0.10  4.42 dn             0.01
nx132                     (net)                0.00  4.42 dn   (fan)     1.00
ix211/Y                            aoi22       0.27  4.69 up             0.03
nx210                     (net)                0.00  4.69 up   (fan)     2.00
ix137/Y                            inv01       0.10  4.79 dn             0.01
nx136                     (net)                0.00  4.79 dn   (fan)     1.00
ix218/Y                            aoi22       0.24  5.03 up             0.02
nx217                     (net)                0.00  5.03 up   (fan)     1.00
ix145/Y                            xnor2       0.19  5.22 dn             0.00
sum(0)                    (net)                0.00  5.22 dn   (fan)     1.00
sum(0)/                                        0.00  5.22 dn             0.00
data arrival time                                    5.22

data required time                                not specified
------------------------------------------------------------------------------
data required time                                not specified
data arrival time                                    5.22
                                                  ----------
                                               unconstrained path
------------------------------------------------------------------------------


Info, Command 'report_delay' finished successfully
