/afs/cad/sw.common/mentor.2012/leonardo_spectrum_2011a/bin/Linux/spectrum 
-------------------------------------------------
LeonardoSpectrum Level 3 - 2011a.4 (Release Production Release, compiled May 26 2011 at 11:43:50)
Copyright 1990-2010 Mentor Graphics.  All rights reserved.
Portions copyright 1991-2010 Compuware Corporation

Checking Security ...

   *** Welcome to Interactive LeonardoSpectrum Level 3 Version 2011a.4 ***

News :
  * Enter "help" to get an overview of all commands
  * Enter <command> -help  to get usage of each command

Session history will be logged to file '/afs/cad.njit.edu/u/j/k/jk526/ece758/vhdl_playground/Project/leo/leospec.his'
/afs/cad.njit.edu/u/j/k/jk526
../vhdl
Info: setting edifout_power_ground_style_is_net to TRUE
TRUE
Info: setting vhdl_write_use_packages to library ieee, adk; use ieee.std_logic_1164.all, use ieee.std_logic_signed.all, adk.adk_components.all;
library ieee, adk; use ieee.std_logic_1164.all, use ieee.std_logic_signed.all, adk.adk_components.all;
Reading library file `/afs/cad.njit.edu/u/j/k/jk526/tsmc018_typ.syn`...
Library version = v3.1 Release : Patch (a) : (Aug 26, 2005)
Delays assume: Process=typical Temp=  0.0 C  Voltage=1.80 V  
Info: setting encoding to auto
Info, Command 'load_library' finished successfully
-- Reading file /afs/cad/sw.common/mentor.2012/leonardo_spectrum_2011a/data/standard.vhd for unit standard
-- Loading package standard into library std
-- Reading vhdl file /afs/cad.njit.edu/u/j/k/jk526/ece758/vhdl_playground/Project/leo/../vhdl/galois_expand.vhd into library work
-- Reading file /afs/cad/sw.common/mentor.2012/leonardo_spectrum_2011a/data/std_1164.vhd for unit std_logic_1164
-- Loading package std_logic_1164 into library ieee
-- Loading entity galois_expand into library work
-- Loading architecture galois_expand_fsm of galois_expand into library work
"/afs/cad.njit.edu/u/j/k/jk526/ece758/vhdl_playground/Project/leo/../vhdl/galois_expand.vhd",line 19: Warning, signal start_xor is never used.
"/afs/cad.njit.edu/u/j/k/jk526/ece758/vhdl_playground/Project/leo/../vhdl/galois_expand.vhd",line 19: Warning, signal start_xor is never assigned a value.
-- Compiling root entity galois_expand(galois_expand_fsm)
"/afs/cad.njit.edu/u/j/k/jk526/ece758/vhdl_playground/Project/leo/../vhdl/galois_expand.vhd",line 19: Warning, populate_rows is not always assigned. Storage may be needed..
"/afs/cad.njit.edu/u/j/k/jk526/ece758/vhdl_playground/Project/leo/../vhdl/galois_expand.vhd",line 19: Warning, reset_rows is not always assigned. Storage may be needed..
"/afs/cad.njit.edu/u/j/k/jk526/ece758/vhdl_playground/Project/leo/../vhdl/galois_expand.vhd",line 45: Warning, reset_rows should be declared on the sensitivity list of the process.
"/afs/cad.njit.edu/u/j/k/jk526/ece758/vhdl_playground/Project/leo/../vhdl/galois_expand.vhd",line 50: Warning, random_num_input should be declared on the sensitivity list of the process.
"/afs/cad.njit.edu/u/j/k/jk526/ece758/vhdl_playground/Project/leo/../vhdl/galois_expand.vhd",line 52: Warning, packet_input should be declared on the sensitivity list of the process.
"/afs/cad.njit.edu/u/j/k/jk526/ece758/vhdl_playground/Project/leo/../vhdl/galois_expand.vhd",line 18: Warning, ready_0 is not always assigned. Storage may be needed..
"/afs/cad.njit.edu/u/j/k/jk526/ece758/vhdl_playground/Project/leo/../vhdl/galois_expand.vhd",line 17: Warning, row_0 is not always assigned. Storage may be needed..
"/afs/cad.njit.edu/u/j/k/jk526/ece758/vhdl_playground/Project/leo/../vhdl/galois_expand.vhd",line 61: Warning, reset_rows should be declared on the sensitivity list of the process.
"/afs/cad.njit.edu/u/j/k/jk526/ece758/vhdl_playground/Project/leo/../vhdl/galois_expand.vhd",line 66: Warning, random_num_input should be declared on the sensitivity list of the process.
"/afs/cad.njit.edu/u/j/k/jk526/ece758/vhdl_playground/Project/leo/../vhdl/galois_expand.vhd",line 68: Warning, packet_input should be declared on the sensitivity list of the process.
"/afs/cad.njit.edu/u/j/k/jk526/ece758/vhdl_playground/Project/leo/../vhdl/galois_expand.vhd",line 18: Warning, ready_1 is not always assigned. Storage may be needed..
"/afs/cad.njit.edu/u/j/k/jk526/ece758/vhdl_playground/Project/leo/../vhdl/galois_expand.vhd",line 17: Warning, row_1 is not always assigned. Storage may be needed..
"/afs/cad.njit.edu/u/j/k/jk526/ece758/vhdl_playground/Project/leo/../vhdl/galois_expand.vhd",line 77: Warning, reset_rows should be declared on the sensitivity list of the process.
"/afs/cad.njit.edu/u/j/k/jk526/ece758/vhdl_playground/Project/leo/../vhdl/galois_expand.vhd",line 82: Warning, random_num_input should be declared on the sensitivity list of the process.
"/afs/cad.njit.edu/u/j/k/jk526/ece758/vhdl_playground/Project/leo/../vhdl/galois_expand.vhd",line 84: Warning, packet_input should be declared on the sensitivity list of the process.
"/afs/cad.njit.edu/u/j/k/jk526/ece758/vhdl_playground/Project/leo/../vhdl/galois_expand.vhd",line 18: Warning, ready_2 is not always assigned. Storage may be needed..
"/afs/cad.njit.edu/u/j/k/jk526/ece758/vhdl_playground/Project/leo/../vhdl/galois_expand.vhd",line 17: Warning, row_2 is not always assigned. Storage may be needed..
"/afs/cad.njit.edu/u/j/k/jk526/ece758/vhdl_playground/Project/leo/../vhdl/galois_expand.vhd",line 93: Warning, reset_rows should be declared on the sensitivity list of the process.
"/afs/cad.njit.edu/u/j/k/jk526/ece758/vhdl_playground/Project/leo/../vhdl/galois_expand.vhd",line 98: Warning, random_num_input should be declared on the sensitivity list of the process.
"/afs/cad.njit.edu/u/j/k/jk526/ece758/vhdl_playground/Project/leo/../vhdl/galois_expand.vhd",line 100: Warning, packet_input should be declared on the sensitivity list of the process.
"/afs/cad.njit.edu/u/j/k/jk526/ece758/vhdl_playground/Project/leo/../vhdl/galois_expand.vhd",line 18: Warning, ready_3 is not always assigned. Storage may be needed..
"/afs/cad.njit.edu/u/j/k/jk526/ece758/vhdl_playground/Project/leo/../vhdl/galois_expand.vhd",line 17: Warning, row_3 is not always assigned. Storage may be needed..
"/afs/cad.njit.edu/u/j/k/jk526/ece758/vhdl_playground/Project/leo/../vhdl/galois_expand.vhd",line 109: Warning, reset_rows should be declared on the sensitivity list of the process.
"/afs/cad.njit.edu/u/j/k/jk526/ece758/vhdl_playground/Project/leo/../vhdl/galois_expand.vhd",line 114: Warning, random_num_input should be declared on the sensitivity list of the process.
"/afs/cad.njit.edu/u/j/k/jk526/ece758/vhdl_playground/Project/leo/../vhdl/galois_expand.vhd",line 116: Warning, packet_input should be declared on the sensitivity list of the process.
"/afs/cad.njit.edu/u/j/k/jk526/ece758/vhdl_playground/Project/leo/../vhdl/galois_expand.vhd",line 18: Warning, ready_4 is not always assigned. Storage may be needed..
"/afs/cad.njit.edu/u/j/k/jk526/ece758/vhdl_playground/Project/leo/../vhdl/galois_expand.vhd",line 17: Warning, row_4 is not always assigned. Storage may be needed..
"/afs/cad.njit.edu/u/j/k/jk526/ece758/vhdl_playground/Project/leo/../vhdl/galois_expand.vhd",line 125: Warning, reset_rows should be declared on the sensitivity list of the process.
"/afs/cad.njit.edu/u/j/k/jk526/ece758/vhdl_playground/Project/leo/../vhdl/galois_expand.vhd",line 130: Warning, random_num_input should be declared on the sensitivity list of the process.
"/afs/cad.njit.edu/u/j/k/jk526/ece758/vhdl_playground/Project/leo/../vhdl/galois_expand.vhd",line 132: Warning, packet_input should be declared on the sensitivity list of the process.
"/afs/cad.njit.edu/u/j/k/jk526/ece758/vhdl_playground/Project/leo/../vhdl/galois_expand.vhd",line 18: Warning, ready_5 is not always assigned. Storage may be needed..
"/afs/cad.njit.edu/u/j/k/jk526/ece758/vhdl_playground/Project/leo/../vhdl/galois_expand.vhd",line 17: Warning, row_5 is not always assigned. Storage may be needed..
"/afs/cad.njit.edu/u/j/k/jk526/ece758/vhdl_playground/Project/leo/../vhdl/galois_expand.vhd",line 141: Warning, reset_rows should be declared on the sensitivity list of the process.
"/afs/cad.njit.edu/u/j/k/jk526/ece758/vhdl_playground/Project/leo/../vhdl/galois_expand.vhd",line 146: Warning, random_num_input should be declared on the sensitivity list of the process.
"/afs/cad.njit.edu/u/j/k/jk526/ece758/vhdl_playground/Project/leo/../vhdl/galois_expand.vhd",line 148: Warning, packet_input should be declared on the sensitivity list of the process.
"/afs/cad.njit.edu/u/j/k/jk526/ece758/vhdl_playground/Project/leo/../vhdl/galois_expand.vhd",line 18: Warning, ready_6 is not always assigned. Storage may be needed..
"/afs/cad.njit.edu/u/j/k/jk526/ece758/vhdl_playground/Project/leo/../vhdl/galois_expand.vhd",line 17: Warning, row_6 is not always assigned. Storage may be needed..
"/afs/cad.njit.edu/u/j/k/jk526/ece758/vhdl_playground/Project/leo/../vhdl/galois_expand.vhd",line 157: Warning, reset_rows should be declared on the sensitivity list of the process.
"/afs/cad.njit.edu/u/j/k/jk526/ece758/vhdl_playground/Project/leo/../vhdl/galois_expand.vhd",line 162: Warning, random_num_input should be declared on the sensitivity list of the process.
"/afs/cad.njit.edu/u/j/k/jk526/ece758/vhdl_playground/Project/leo/../vhdl/galois_expand.vhd",line 164: Warning, packet_input should be declared on the sensitivity list of the process.
"/afs/cad.njit.edu/u/j/k/jk526/ece758/vhdl_playground/Project/leo/../vhdl/galois_expand.vhd",line 18: Warning, ready_7 is not always assigned. Storage may be needed..
"/afs/cad.njit.edu/u/j/k/jk526/ece758/vhdl_playground/Project/leo/../vhdl/galois_expand.vhd",line 17: Warning, row_7 is not always assigned. Storage may be needed..
"/afs/cad.njit.edu/u/j/k/jk526/ece758/vhdl_playground/Project/leo/../vhdl/galois_expand.vhd",line 183: Warning, row_0 should be declared on the sensitivity list of the process.
"/afs/cad.njit.edu/u/j/k/jk526/ece758/vhdl_playground/Project/leo/../vhdl/galois_expand.vhd",line 183: Warning, row_1 should be declared on the sensitivity list of the process.
"/afs/cad.njit.edu/u/j/k/jk526/ece758/vhdl_playground/Project/leo/../vhdl/galois_expand.vhd",line 183: Warning, row_2 should be declared on the sensitivity list of the process.
"/afs/cad.njit.edu/u/j/k/jk526/ece758/vhdl_playground/Project/leo/../vhdl/galois_expand.vhd",line 183: Warning, row_3 should be declared on the sensitivity list of the process.
"/afs/cad.njit.edu/u/j/k/jk526/ece758/vhdl_playground/Project/leo/../vhdl/galois_expand.vhd",line 183: Warning, row_4 should be declared on the sensitivity list of the process.
"/afs/cad.njit.edu/u/j/k/jk526/ece758/vhdl_playground/Project/leo/../vhdl/galois_expand.vhd",line 183: Warning, row_5 should be declared on the sensitivity list of the process.
"/afs/cad.njit.edu/u/j/k/jk526/ece758/vhdl_playground/Project/leo/../vhdl/galois_expand.vhd",line 183: Warning, row_6 should be declared on the sensitivity list of the process.
"/afs/cad.njit.edu/u/j/k/jk526/ece758/vhdl_playground/Project/leo/../vhdl/galois_expand.vhd",line 183: Warning, row_7 should be declared on the sensitivity list of the process.
"/afs/cad.njit.edu/u/j/k/jk526/ece758/vhdl_playground/Project/leo/../vhdl/galois_expand.vhd",line 8: Warning, mult_out is not always assigned. Storage may be needed..
"/afs/cad.njit.edu/u/j/k/jk526/ece758/vhdl_playground/Project/leo/../vhdl/galois_expand.vhd",line 19: Warning, complete_fsm is not always assigned. Storage may be needed..
"/afs/cad.njit.edu/u/j/k/jk526/ece758/vhdl_playground/Project/leo/../vhdl/galois_expand.vhd",line 9: Warning, complete is not always assigned. Storage may be needed..
Info, Command 'elaborate' finished successfully
-- Compiling root entity galois_expand(galois_expand_fsm)
"/afs/cad.njit.edu/u/j/k/jk526/ece758/vhdl_playground/Project/leo/../vhdl/galois_expand.vhd",line 19: Warning, populate_rows is not always assigned. Storage may be needed..
"/afs/cad.njit.edu/u/j/k/jk526/ece758/vhdl_playground/Project/leo/../vhdl/galois_expand.vhd",line 19: Warning, reset_rows is not always assigned. Storage may be needed..
"/afs/cad.njit.edu/u/j/k/jk526/ece758/vhdl_playground/Project/leo/../vhdl/galois_expand.vhd",line 45: Warning, reset_rows should be declared on the sensitivity list of the process.
"/afs/cad.njit.edu/u/j/k/jk526/ece758/vhdl_playground/Project/leo/../vhdl/galois_expand.vhd",line 50: Warning, random_num_input should be declared on the sensitivity list of the process.
"/afs/cad.njit.edu/u/j/k/jk526/ece758/vhdl_playground/Project/leo/../vhdl/galois_expand.vhd",line 52: Warning, packet_input should be declared on the sensitivity list of the process.
"/afs/cad.njit.edu/u/j/k/jk526/ece758/vhdl_playground/Project/leo/../vhdl/galois_expand.vhd",line 18: Warning, ready_0 is not always assigned. Storage may be needed..
"/afs/cad.njit.edu/u/j/k/jk526/ece758/vhdl_playground/Project/leo/../vhdl/galois_expand.vhd",line 17: Warning, row_0 is not always assigned. Storage may be needed..
"/afs/cad.njit.edu/u/j/k/jk526/ece758/vhdl_playground/Project/leo/../vhdl/galois_expand.vhd",line 61: Warning, reset_rows should be declared on the sensitivity list of the process.
"/afs/cad.njit.edu/u/j/k/jk526/ece758/vhdl_playground/Project/leo/../vhdl/galois_expand.vhd",line 66: Warning, random_num_input should be declared on the sensitivity list of the process.
"/afs/cad.njit.edu/u/j/k/jk526/ece758/vhdl_playground/Project/leo/../vhdl/galois_expand.vhd",line 68: Warning, packet_input should be declared on the sensitivity list of the process.
"/afs/cad.njit.edu/u/j/k/jk526/ece758/vhdl_playground/Project/leo/../vhdl/galois_expand.vhd",line 18: Warning, ready_1 is not always assigned. Storage may be needed..
"/afs/cad.njit.edu/u/j/k/jk526/ece758/vhdl_playground/Project/leo/../vhdl/galois_expand.vhd",line 17: Warning, row_1 is not always assigned. Storage may be needed..
"/afs/cad.njit.edu/u/j/k/jk526/ece758/vhdl_playground/Project/leo/../vhdl/galois_expand.vhd",line 77: Warning, reset_rows should be declared on the sensitivity list of the process.
"/afs/cad.njit.edu/u/j/k/jk526/ece758/vhdl_playground/Project/leo/../vhdl/galois_expand.vhd",line 82: Warning, random_num_input should be declared on the sensitivity list of the process.
"/afs/cad.njit.edu/u/j/k/jk526/ece758/vhdl_playground/Project/leo/../vhdl/galois_expand.vhd",line 84: Warning, packet_input should be declared on the sensitivity list of the process.
"/afs/cad.njit.edu/u/j/k/jk526/ece758/vhdl_playground/Project/leo/../vhdl/galois_expand.vhd",line 18: Warning, ready_2 is not always assigned. Storage may be needed..
"/afs/cad.njit.edu/u/j/k/jk526/ece758/vhdl_playground/Project/leo/../vhdl/galois_expand.vhd",line 17: Warning, row_2 is not always assigned. Storage may be needed..
"/afs/cad.njit.edu/u/j/k/jk526/ece758/vhdl_playground/Project/leo/../vhdl/galois_expand.vhd",line 93: Warning, reset_rows should be declared on the sensitivity list of the process.
"/afs/cad.njit.edu/u/j/k/jk526/ece758/vhdl_playground/Project/leo/../vhdl/galois_expand.vhd",line 98: Warning, random_num_input should be declared on the sensitivity list of the process.
"/afs/cad.njit.edu/u/j/k/jk526/ece758/vhdl_playground/Project/leo/../vhdl/galois_expand.vhd",line 100: Warning, packet_input should be declared on the sensitivity list of the process.
"/afs/cad.njit.edu/u/j/k/jk526/ece758/vhdl_playground/Project/leo/../vhdl/galois_expand.vhd",line 18: Warning, ready_3 is not always assigned. Storage may be needed..
"/afs/cad.njit.edu/u/j/k/jk526/ece758/vhdl_playground/Project/leo/../vhdl/galois_expand.vhd",line 17: Warning, row_3 is not always assigned. Storage may be needed..
"/afs/cad.njit.edu/u/j/k/jk526/ece758/vhdl_playground/Project/leo/../vhdl/galois_expand.vhd",line 109: Warning, reset_rows should be declared on the sensitivity list of the process.
"/afs/cad.njit.edu/u/j/k/jk526/ece758/vhdl_playground/Project/leo/../vhdl/galois_expand.vhd",line 114: Warning, random_num_input should be declared on the sensitivity list of the process.
"/afs/cad.njit.edu/u/j/k/jk526/ece758/vhdl_playground/Project/leo/../vhdl/galois_expand.vhd",line 116: Warning, packet_input should be declared on the sensitivity list of the process.
"/afs/cad.njit.edu/u/j/k/jk526/ece758/vhdl_playground/Project/leo/../vhdl/galois_expand.vhd",line 18: Warning, ready_4 is not always assigned. Storage may be needed..
"/afs/cad.njit.edu/u/j/k/jk526/ece758/vhdl_playground/Project/leo/../vhdl/galois_expand.vhd",line 17: Warning, row_4 is not always assigned. Storage may be needed..
"/afs/cad.njit.edu/u/j/k/jk526/ece758/vhdl_playground/Project/leo/../vhdl/galois_expand.vhd",line 125: Warning, reset_rows should be declared on the sensitivity list of the process.
"/afs/cad.njit.edu/u/j/k/jk526/ece758/vhdl_playground/Project/leo/../vhdl/galois_expand.vhd",line 130: Warning, random_num_input should be declared on the sensitivity list of the process.
"/afs/cad.njit.edu/u/j/k/jk526/ece758/vhdl_playground/Project/leo/../vhdl/galois_expand.vhd",line 132: Warning, packet_input should be declared on the sensitivity list of the process.
"/afs/cad.njit.edu/u/j/k/jk526/ece758/vhdl_playground/Project/leo/../vhdl/galois_expand.vhd",line 18: Warning, ready_5 is not always assigned. Storage may be needed..
"/afs/cad.njit.edu/u/j/k/jk526/ece758/vhdl_playground/Project/leo/../vhdl/galois_expand.vhd",line 17: Warning, row_5 is not always assigned. Storage may be needed..
"/afs/cad.njit.edu/u/j/k/jk526/ece758/vhdl_playground/Project/leo/../vhdl/galois_expand.vhd",line 141: Warning, reset_rows should be declared on the sensitivity list of the process.
"/afs/cad.njit.edu/u/j/k/jk526/ece758/vhdl_playground/Project/leo/../vhdl/galois_expand.vhd",line 146: Warning, random_num_input should be declared on the sensitivity list of the process.
"/afs/cad.njit.edu/u/j/k/jk526/ece758/vhdl_playground/Project/leo/../vhdl/galois_expand.vhd",line 148: Warning, packet_input should be declared on the sensitivity list of the process.
"/afs/cad.njit.edu/u/j/k/jk526/ece758/vhdl_playground/Project/leo/../vhdl/galois_expand.vhd",line 18: Warning, ready_6 is not always assigned. Storage may be needed..
"/afs/cad.njit.edu/u/j/k/jk526/ece758/vhdl_playground/Project/leo/../vhdl/galois_expand.vhd",line 17: Warning, row_6 is not always assigned. Storage may be needed..
"/afs/cad.njit.edu/u/j/k/jk526/ece758/vhdl_playground/Project/leo/../vhdl/galois_expand.vhd",line 157: Warning, reset_rows should be declared on the sensitivity list of the process.
"/afs/cad.njit.edu/u/j/k/jk526/ece758/vhdl_playground/Project/leo/../vhdl/galois_expand.vhd",line 162: Warning, random_num_input should be declared on the sensitivity list of the process.
"/afs/cad.njit.edu/u/j/k/jk526/ece758/vhdl_playground/Project/leo/../vhdl/galois_expand.vhd",line 164: Warning, packet_input should be declared on the sensitivity list of the process.
"/afs/cad.njit.edu/u/j/k/jk526/ece758/vhdl_playground/Project/leo/../vhdl/galois_expand.vhd",line 18: Warning, ready_7 is not always assigned. Storage may be needed..
"/afs/cad.njit.edu/u/j/k/jk526/ece758/vhdl_playground/Project/leo/../vhdl/galois_expand.vhd",line 17: Warning, row_7 is not always assigned. Storage may be needed..
"/afs/cad.njit.edu/u/j/k/jk526/ece758/vhdl_playground/Project/leo/../vhdl/galois_expand.vhd",line 183: Warning, row_0 should be declared on the sensitivity list of the process.
"/afs/cad.njit.edu/u/j/k/jk526/ece758/vhdl_playground/Project/leo/../vhdl/galois_expand.vhd",line 183: Warning, row_1 should be declared on the sensitivity list of the process.
"/afs/cad.njit.edu/u/j/k/jk526/ece758/vhdl_playground/Project/leo/../vhdl/galois_expand.vhd",line 183: Warning, row_2 should be declared on the sensitivity list of the process.
"/afs/cad.njit.edu/u/j/k/jk526/ece758/vhdl_playground/Project/leo/../vhdl/galois_expand.vhd",line 183: Warning, row_3 should be declared on the sensitivity list of the process.
"/afs/cad.njit.edu/u/j/k/jk526/ece758/vhdl_playground/Project/leo/../vhdl/galois_expand.vhd",line 183: Warning, row_4 should be declared on the sensitivity list of the process.
"/afs/cad.njit.edu/u/j/k/jk526/ece758/vhdl_playground/Project/leo/../vhdl/galois_expand.vhd",line 183: Warning, row_5 should be declared on the sensitivity list of the process.
"/afs/cad.njit.edu/u/j/k/jk526/ece758/vhdl_playground/Project/leo/../vhdl/galois_expand.vhd",line 183: Warning, row_6 should be declared on the sensitivity list of the process.
"/afs/cad.njit.edu/u/j/k/jk526/ece758/vhdl_playground/Project/leo/../vhdl/galois_expand.vhd",line 183: Warning, row_7 should be declared on the sensitivity list of the process.
"/afs/cad.njit.edu/u/j/k/jk526/ece758/vhdl_playground/Project/leo/../vhdl/galois_expand.vhd",line 8: Warning, mult_out is not always assigned. Storage may be needed..
"/afs/cad.njit.edu/u/j/k/jk526/ece758/vhdl_playground/Project/leo/../vhdl/galois_expand.vhd",line 19: Warning, complete_fsm is not always assigned. Storage may be needed..
"/afs/cad.njit.edu/u/j/k/jk526/ece758/vhdl_playground/Project/leo/../vhdl/galois_expand.vhd",line 9: Warning, complete is not always assigned. Storage may be needed..
-- Info, replacing galois_expand(galois_expand_fsm)
Info, Command 'elaborate' finished successfully
-- Start pre-optimization for design .work.galois_expand.galois_expand_fsm

Info, Merging parallel Dlatch, ready_1 and ready_0.
Info, Merging parallel Dlatch, ready_1 and ready_2.
Info, Merging parallel Dlatch, ready_1 and ready_3.
Info, Merging parallel Dlatch, ready_1 and ready_4.
Info, Merging parallel Dlatch, ready_1 and ready_5.
Info, Merging parallel Dlatch, ready_1 and ready_6.
Info, Merging parallel Dlatch, ready_1 and ready_7.
Info, Merging parallel Dlatch, reset_rows and populate_rows.
Info, Merging parallel Dlatch, complete_fsm and complete.Info, Command 'pre_optimize' finished successfully
NO wire table is found
-- Optimizing netlist .work.galois_expand.galois_expand_fsm
-- Matching combinational logic..
-- Matching non-combinational logic..
-- Covering..
-- CPU Time used :   00:00 Mapping
Re-checking DRC after adjustments
-- Final Design Rule Check..
Re-checking DRC after adjustments
Info, Command 'optimize' finished successfully
-- Writing file synth_18_galois_expand.vhd
Info, Command 'write' finished successfully
-- Writing file synth_18_galois_expand.v
Info, Command 'write' finished successfully
NO wire table is found



                        Critical Path Report

Critical path #1, (unconstrained path)
NAME                                   GATE              ARRIVAL              LOAD
----------------------------------------------------------------------------------
ix2454/Y                               fake_gnd    0.00  0.00 dn             0.02
nx2453                        (net)                0.00  0.00 dn   (fan)     3.00
lat_reset_rows_u1/QB                   latchs_ni   0.17  0.17 up             0.01
nx2870                        (net)                0.00  0.17 up   (fan)     1.00
lat_reset_rows_u2/Y                    inv02       0.09  0.25 dn             0.04
reset_rows                    (net)                0.00  0.25 dn   (fan)     7.00
ix2819/Y                               inv01       0.14  0.40 up             0.03
nx2820                        (net)                0.00  0.40 up   (fan)     6.00
ix2793/Y                               inv01       0.23  0.63 dn             0.06
nx2794                        (net)                0.00  0.63 dn   (fan)     7.00
ix2851/Y                               nand02      0.18  0.81 up             0.03
nx2852                        (net)                0.00  0.81 up   (fan)     6.00
ix599/Y                                nor02ii     0.08  0.90 dn             0.01
nx598                         (net)                0.00  0.90 dn   (fan)     1.00
lat_row_4(10)/Q                        latch       0.16  1.06 dn             0.02
row_4(10)                     (net)                0.00  1.06 dn   (fan)     1.00
ix2730/Y                               xnor2       0.10  1.16 up             0.02
nx2729                        (net)                0.00  1.16 up   (fan)     1.00
ix2728/Y                               xnor2       0.12  1.28 dn             0.02
nx2727                        (net)                0.00  1.28 dn   (fan)     1.00
ix629/Y                                xnor2       0.07  1.35 up             0.01
nx628                         (net)                0.00  1.35 up   (fan)     1.00
ix631/Y                                nor02ii     0.11  1.46 up             0.01
nx630                         (net)                0.00  1.46 up   (fan)     1.00
lat_mult_out(10)/Q                     latch       0.07  1.53 up             0.00
mult_out(10)                  (net)                0.00  1.53 up   (fan)     1.00
mult_out(10)/                                      0.00  1.53 up             0.00
data arrival time                                        1.53

data required time                                    not specified
----------------------------------------------------------------------------------
data required time                                    not specified
data arrival time                                        1.53
                                                      ----------
                                                   unconstrained path
----------------------------------------------------------------------------------



Critical path #2, (unconstrained path)
NAME                                   GATE              ARRIVAL              LOAD
----------------------------------------------------------------------------------
ix2454/Y                               fake_gnd    0.00  0.00 dn             0.02
nx2453                        (net)                0.00  0.00 dn   (fan)     3.00
lat_reset_rows_u1/QB                   latchs_ni   0.17  0.17 up             0.01
nx2870                        (net)                0.00  0.17 up   (fan)     1.00
lat_reset_rows_u2/Y                    inv02       0.09  0.25 dn             0.04
reset_rows                    (net)                0.00  0.25 dn   (fan)     7.00
ix2819/Y                               inv01       0.14  0.40 up             0.03
nx2820                        (net)                0.00  0.40 up   (fan)     6.00
ix2793/Y                               inv01       0.23  0.63 dn             0.06
nx2794                        (net)                0.00  0.63 dn   (fan)     7.00
ix2851/Y                               nand02      0.18  0.81 up             0.03
nx2852                        (net)                0.00  0.81 up   (fan)     6.00
ix449/Y                                nor02ii     0.08  0.90 dn             0.01
nx448                         (net)                0.00  0.90 dn   (fan)     1.00
lat_row_2(8)/Q                         latch       0.16  1.06 dn             0.02
row_2(8)                      (net)                0.00  1.06 dn   (fan)     1.00
ix2678/Y                               xnor2       0.10  1.16 up             0.02
nx2677                        (net)                0.00  1.16 up   (fan)     1.00
ix2676/Y                               xnor2       0.11  1.27 dn             0.02
nx2675                        (net)                0.00  1.27 dn   (fan)     1.00
ix507/Y                                xnor2       0.08  1.35 up             0.01
nx506                         (net)                0.00  1.35 up   (fan)     1.00
ix509/Y                                nor02ii     0.11  1.46 up             0.01
nx508                         (net)                0.00  1.46 up   (fan)     1.00
lat_mult_out(8)/Q                      latch       0.07  1.53 up             0.00
mult_out(8)                   (net)                0.00  1.53 up   (fan)     1.00
mult_out(8)/                                       0.00  1.53 up             0.00
data arrival time                                        1.53

data required time                                    not specified
----------------------------------------------------------------------------------
data required time                                    not specified
data arrival time                                        1.53
                                                      ----------
                                                   unconstrained path
----------------------------------------------------------------------------------



Critical path #3, (unconstrained path)
NAME                                   GATE              ARRIVAL              LOAD
----------------------------------------------------------------------------------
ix2454/Y                               fake_gnd    0.00  0.00 dn             0.02
nx2453                        (net)                0.00  0.00 dn   (fan)     3.00
lat_reset_rows_u1/QB                   latchs_ni   0.17  0.17 up             0.01
nx2870                        (net)                0.00  0.17 up   (fan)     1.00
lat_reset_rows_u2/Y                    inv02       0.09  0.25 dn             0.04
reset_rows                    (net)                0.00  0.25 dn   (fan)     7.00
ix2819/Y                               inv01       0.14  0.40 up             0.03
nx2820                        (net)                0.00  0.40 up   (fan)     6.00
ix2793/Y                               inv01       0.23  0.63 dn             0.06
nx2794                        (net)                0.00  0.63 dn   (fan)     7.00
ix2851/Y                               nand02      0.18  0.81 up             0.03
nx2852                        (net)                0.00  0.81 up   (fan)     6.00
ix277/Y                                nor02ii     0.08  0.90 dn             0.01
nx276                         (net)                0.00  0.90 dn   (fan)     1.00
lat_row_0(6)/Q                         latch       0.16  1.05 dn             0.02
row_0(6)                      (net)                0.00  1.05 dn   (fan)     1.00
ix2612/Y                               xnor2       0.11  1.16 up             0.02
nx2611                        (net)                0.00  1.16 up   (fan)     1.00
ix2610/Y                               xnor2       0.11  1.27 dn             0.02
nx2609                        (net)                0.00  1.27 dn   (fan)     1.00
ix343/Y                                xnor2       0.08  1.35 up             0.01
nx342                         (net)                0.00  1.35 up   (fan)     1.00
ix345/Y                                nor02ii     0.11  1.46 up             0.01
nx344                         (net)                0.00  1.46 up   (fan)     1.00
lat_mult_out(6)/Q                      latch       0.07  1.53 up             0.00
mult_out(6)                   (net)                0.00  1.53 up   (fan)     1.00
mult_out(6)/                                       0.00  1.53 up             0.00
data arrival time                                        1.53

data required time                                    not specified
----------------------------------------------------------------------------------
data required time                                    not specified
data arrival time                                        1.53
                                                      ----------
                                                   unconstrained path
----------------------------------------------------------------------------------



Critical path #4, (unconstrained path)
NAME                                   GATE              ARRIVAL              LOAD
----------------------------------------------------------------------------------
ix2454/Y                               fake_gnd    0.00  0.00 dn             0.02
nx2453                        (net)                0.00  0.00 dn   (fan)     3.00
lat_reset_rows_u1/QB                   latchs_ni   0.17  0.17 up             0.01
nx2870                        (net)                0.00  0.17 up   (fan)     1.00
lat_reset_rows_u2/Y                    inv02       0.09  0.25 dn             0.04
reset_rows                    (net)                0.00  0.25 dn   (fan)     7.00
ix2863/Y                               inv01       0.13  0.38 up             0.03
nx2864                        (net)                0.00  0.38 up   (fan)     5.00
ix2787/Y                               inv01       0.23  0.61 dn             0.06
nx2788                        (net)                0.00  0.61 dn   (fan)     7.00
ix2839/Y                               nand02      0.18  0.79 up             0.03
nx2840                        (net)                0.00  0.79 up   (fan)     6.00
ix167/Y                                nor02ii     0.08  0.87 dn             0.01
nx166                         (net)                0.00  0.87 dn   (fan)     1.00
lat_row_1(4)/Q                         latch       0.16  1.03 dn             0.02
row_1(4)                      (net)                0.00  1.03 dn   (fan)     1.00
ix2565/Y                               xnor2       0.10  1.13 up             0.02
nx2564                        (net)                0.00  1.13 up   (fan)     1.00
ix2563/Y                               xnor2       0.12  1.25 dn             0.02
nx2562                        (net)                0.00  1.25 dn   (fan)     1.00
ix197/Y                                xnor2       0.07  1.33 up             0.01
nx196                         (net)                0.00  1.33 up   (fan)     1.00
ix199/Y                                nor02ii     0.11  1.43 up             0.01
nx198                         (net)                0.00  1.43 up   (fan)     1.00
lat_mult_out(4)/Q                      latch       0.07  1.51 up             0.00
mult_out(4)                   (net)                0.00  1.51 up   (fan)     1.00
mult_out(4)/                                       0.00  1.51 up             0.00
data arrival time                                        1.51

data required time                                    not specified
----------------------------------------------------------------------------------
data required time                                    not specified
data arrival time                                        1.51
                                                      ----------
                                                   unconstrained path
----------------------------------------------------------------------------------



Critical path #5, (unconstrained path)
NAME                                   GATE              ARRIVAL              LOAD
----------------------------------------------------------------------------------
ix2454/Y                               fake_gnd    0.00  0.00 dn             0.02
nx2453                        (net)                0.00  0.00 dn   (fan)     3.00
lat_reset_rows_u1/QB                   latchs_ni   0.17  0.17 up             0.01
nx2870                        (net)                0.00  0.17 up   (fan)     1.00
lat_reset_rows_u2/Y                    inv02       0.09  0.25 dn             0.04
reset_rows                    (net)                0.00  0.25 dn   (fan)     7.00
ix2819/Y                               inv01       0.14  0.40 up             0.03
nx2820                        (net)                0.00  0.40 up   (fan)     6.00
ix2793/Y                               inv01       0.23  0.63 dn             0.06
nx2794                        (net)                0.00  0.63 dn   (fan)     7.00
ix2851/Y                               nand02      0.18  0.81 up             0.03
nx2852                        (net)                0.00  0.81 up   (fan)     6.00
ix363/Y                                nor02ii     0.08  0.90 dn             0.01
nx362                         (net)                0.00  0.90 dn   (fan)     1.00
lat_row_1(7)/Q                         latch       0.16  1.06 dn             0.02
row_1(7)                      (net)                0.00  1.06 dn   (fan)     1.00
ix2643/Y                               xnor2       0.10  1.16 up             0.02
nx2642                        (net)                0.00  1.16 up   (fan)     1.00
ix2641/Y                               xnor2       0.11  1.27 dn             0.02
nx2640                        (net)                0.00  1.27 dn   (fan)     1.00
ix2639/Y                               xnor2       0.08  1.35 up             0.01
nx2638                        (net)                0.00  1.35 up   (fan)     1.00
ix433/Y                                nor02ii     0.07  1.42 dn             0.01
nx432                         (net)                0.00  1.42 dn   (fan)     1.00
lat_mult_out(7)/Q                      latch       0.09  1.50 dn             0.00
mult_out(7)                   (net)                0.00  1.50 dn   (fan)     1.00
mult_out(7)/                                       0.00  1.50 dn             0.00
data arrival time                                        1.50

data required time                                    not specified
----------------------------------------------------------------------------------
data required time                                    not specified
data arrival time                                        1.50
                                                      ----------
                                                   unconstrained path
----------------------------------------------------------------------------------



Critical path #6, (unconstrained path)
NAME                                   GATE              ARRIVAL              LOAD
----------------------------------------------------------------------------------
ix2454/Y                               fake_gnd    0.00  0.00 dn             0.02
nx2453                        (net)                0.00  0.00 dn   (fan)     3.00
lat_reset_rows_u1/QB                   latchs_ni   0.17  0.17 up             0.01
nx2870                        (net)                0.00  0.17 up   (fan)     1.00
lat_reset_rows_u2/Y                    inv02       0.09  0.25 dn             0.04
reset_rows                    (net)                0.00  0.25 dn   (fan)     7.00
ix2819/Y                               inv01       0.14  0.40 up             0.03
nx2820                        (net)                0.00  0.40 up   (fan)     6.00
ix2793/Y                               inv01       0.23  0.63 dn             0.06
nx2794                        (net)                0.00  0.63 dn   (fan)     7.00
ix2851/Y                               nand02      0.18  0.81 up             0.03
nx2852                        (net)                0.00  0.81 up   (fan)     6.00
ix525/Y                                nor02ii     0.08  0.90 dn             0.01
nx524                         (net)                0.00  0.90 dn   (fan)     1.00
lat_row_3(9)/Q                         latch       0.16  1.06 dn             0.02
row_3(9)                      (net)                0.00  1.06 dn   (fan)     1.00
ix2705/Y                               xnor2       0.10  1.16 up             0.02
nx2704                        (net)                0.00  1.16 up   (fan)     1.00
ix2703/Y                               xnor2       0.11  1.27 dn             0.02
nx2702                        (net)                0.00  1.27 dn   (fan)     1.00
ix2701/Y                               xnor2       0.08  1.35 up             0.01
nx2700                        (net)                0.00  1.35 up   (fan)     1.00
ix575/Y                                nor02ii     0.07  1.42 dn             0.01
nx574                         (net)                0.00  1.42 dn   (fan)     1.00
lat_mult_out(9)/Q                      latch       0.09  1.50 dn             0.00
mult_out(9)                   (net)                0.00  1.50 dn   (fan)     1.00
mult_out(9)/                                       0.00  1.50 dn             0.00
data arrival time                                        1.50

data required time                                    not specified
----------------------------------------------------------------------------------
data required time                                    not specified
data arrival time                                        1.50
                                                      ----------
                                                   unconstrained path
----------------------------------------------------------------------------------



Critical path #7, (unconstrained path)
NAME                                   GATE              ARRIVAL              LOAD
----------------------------------------------------------------------------------
ix2454/Y                               fake_gnd    0.00  0.00 dn             0.02
nx2453                        (net)                0.00  0.00 dn   (fan)     3.00
lat_reset_rows_u1/QB                   latchs_ni   0.17  0.17 up             0.01
nx2870                        (net)                0.00  0.17 up   (fan)     1.00
lat_reset_rows_u2/Y                    inv02       0.09  0.25 dn             0.04
reset_rows                    (net)                0.00  0.25 dn   (fan)     7.00
ix2819/Y                               inv01       0.14  0.40 up             0.03
nx2820                        (net)                0.00  0.40 up   (fan)     6.00
ix2793/Y                               inv01       0.23  0.63 dn             0.06
nx2794                        (net)                0.00  0.63 dn   (fan)     7.00
ix2851/Y                               nand02      0.18  0.81 up             0.03
nx2852                        (net)                0.00  0.81 up   (fan)     6.00
ix647/Y                                nor02ii     0.08  0.90 dn             0.01
nx646                         (net)                0.00  0.90 dn   (fan)     1.00
lat_row_5(11)/Q                        latch       0.16  1.06 dn             0.02
row_5(11)                     (net)                0.00  1.06 dn   (fan)     1.00
ix2747/Y                               xnor2       0.10  1.16 up             0.02
nx2746                        (net)                0.00  1.16 up   (fan)     1.00
ix665/Y                                xnor2       0.11  1.27 dn             0.02
nx664                         (net)                0.00  1.27 dn   (fan)     1.00
ix2744/Y                               xnor2       0.08  1.35 up             0.01
nx2743                        (net)                0.00  1.35 up   (fan)     1.00
ix677/Y                                nor02ii     0.06  1.42 dn             0.01
nx676                         (net)                0.00  1.42 dn   (fan)     1.00
lat_mult_out(11)/Q                     latch       0.09  1.50 dn             0.00
mult_out(11)                  (net)                0.00  1.50 dn   (fan)     1.00
mult_out(11)/                                      0.00  1.50 dn             0.00
data arrival time                                        1.50

data required time                                    not specified
----------------------------------------------------------------------------------
data required time                                    not specified
data arrival time                                        1.50
                                                      ----------
                                                   unconstrained path
----------------------------------------------------------------------------------



Critical path #8, (unconstrained path)
NAME                                   GATE              ARRIVAL              LOAD
----------------------------------------------------------------------------------
ix2454/Y                               fake_gnd    0.00  0.00 dn             0.02
nx2453                        (net)                0.00  0.00 dn   (fan)     3.00
lat_reset_rows_u1/QB                   latchs_ni   0.17  0.17 up             0.01
nx2870                        (net)                0.00  0.17 up   (fan)     1.00
lat_reset_rows_u2/Y                    inv02       0.09  0.25 dn             0.04
reset_rows                    (net)                0.00  0.25 dn   (fan)     7.00
ix2863/Y                               inv01       0.13  0.38 up             0.03
nx2864                        (net)                0.00  0.38 up   (fan)     5.00
ix2785/Y                               inv01       0.23  0.61 dn             0.06
nx2786                        (net)                0.00  0.61 dn   (fan)     7.00
ix2835/Y                               nand02      0.18  0.79 up             0.03
nx2836                        (net)                0.00  0.79 up   (fan)     6.00
ix177/Y                                nor02ii     0.08  0.87 dn             0.01
nx176                         (net)                0.00  0.87 dn   (fan)     1.00
lat_row_2(4)/Q                         latch       0.16  1.03 dn             0.02
row_2(4)                      (net)                0.00  1.03 dn   (fan)     1.00
ix2573/Y                               xnor2       0.11  1.14 up             0.02
nx2572                        (net)                0.00  1.14 up   (fan)     1.00
ix2563/Y                               xnor2       0.10  1.24 dn             0.02
nx2562                        (net)                0.00  1.24 dn   (fan)     1.00
ix197/Y                                xnor2       0.07  1.32 up             0.01
nx196                         (net)                0.00  1.32 up   (fan)     1.00
ix199/Y                                nor02ii     0.11  1.42 up             0.01
nx198                         (net)                0.00  1.42 up   (fan)     1.00
lat_mult_out(4)/Q                      latch       0.07  1.50 up             0.00
mult_out(4)                   (net)                0.00  1.50 up   (fan)     1.00
mult_out(4)/                                       0.00  1.50 up             0.00
data arrival time                                        1.50

data required time                                    not specified
----------------------------------------------------------------------------------
data required time                                    not specified
data arrival time                                        1.50
                                                      ----------
                                                   unconstrained path
----------------------------------------------------------------------------------



Critical path #9, (unconstrained path)
NAME                                   GATE              ARRIVAL              LOAD
----------------------------------------------------------------------------------
ix2454/Y                               fake_gnd    0.00  0.00 dn             0.02
nx2453                        (net)                0.00  0.00 dn   (fan)     3.00
lat_reset_rows_u1/QB                   latchs_ni   0.17  0.17 up             0.01
nx2870                        (net)                0.00  0.17 up   (fan)     1.00
lat_reset_rows_u2/Y                    inv02       0.09  0.25 dn             0.04
reset_rows                    (net)                0.00  0.25 dn   (fan)     7.00
ix2863/Y                               inv01       0.13  0.38 up             0.03
nx2864                        (net)                0.00  0.38 up   (fan)     5.00
ix2785/Y                               inv01       0.23  0.61 dn             0.06
nx2786                        (net)                0.00  0.61 dn   (fan)     7.00
ix2835/Y                               nand02      0.18  0.79 up             0.03
nx2836                        (net)                0.00  0.79 up   (fan)     6.00
ix111/Y                                nor02ii     0.08  0.87 dn             0.01
nx110                         (net)                0.00  0.87 dn   (fan)     1.00
lat_row_1(3)/Q                         latch       0.16  1.03 dn             0.02
row_1(3)                      (net)                0.00  1.03 dn   (fan)     1.00
ix2542/Y                               xnor2       0.10  1.13 up             0.02
nx2541                        (net)                0.00  1.13 up   (fan)     1.00
ix129/Y                                xnor2       0.11  1.25 dn             0.02
nx128                         (net)                0.00  1.25 dn   (fan)     1.00
ix2539/Y                               xnor2       0.08  1.33 up             0.01
nx2538                        (net)                0.00  1.33 up   (fan)     1.00
ix141/Y                                nor02ii     0.06  1.39 dn             0.01
nx140                         (net)                0.00  1.39 dn   (fan)     1.00
lat_mult_out(3)/Q                      latch       0.09  1.48 dn             0.00
mult_out(3)                   (net)                0.00  1.48 dn   (fan)     1.00
mult_out(3)/                                       0.00  1.48 dn             0.00
data arrival time                                        1.48

data required time                                    not specified
----------------------------------------------------------------------------------
data required time                                    not specified
data arrival time                                        1.48
                                                      ----------
                                                   unconstrained path
----------------------------------------------------------------------------------



Critical path #10, (unconstrained path)
NAME                                   GATE              ARRIVAL              LOAD
----------------------------------------------------------------------------------
ix2454/Y                               fake_gnd    0.00  0.00 dn             0.02
nx2453                        (net)                0.00  0.00 dn   (fan)     3.00
lat_reset_rows_u1/QB                   latchs_ni   0.17  0.17 up             0.01
nx2870                        (net)                0.00  0.17 up   (fan)     1.00
lat_reset_rows_u2/Y                    inv02       0.09  0.25 dn             0.04
reset_rows                    (net)                0.00  0.25 dn   (fan)     7.00
ix2863/Y                               inv01       0.13  0.38 up             0.03
nx2864                        (net)                0.00  0.38 up   (fan)     5.00
ix2785/Y                               inv01       0.23  0.61 dn             0.06
nx2786                        (net)                0.00  0.61 dn   (fan)     7.00
ix2835/Y                               nand02      0.18  0.79 up             0.03
nx2836                        (net)                0.00  0.79 up   (fan)     6.00
ix235/Y                                nor02ii     0.08  0.87 dn             0.01
nx234                         (net)                0.00  0.87 dn   (fan)     1.00
lat_row_3(5)/Q                         latch       0.16  1.03 dn             0.02
row_3(5)                      (net)                0.00  1.03 dn   (fan)     1.00
ix2593/Y                               xnor2       0.11  1.14 up             0.02
nx2592                        (net)                0.00  1.14 up   (fan)     1.00
ix2583/Y                               xnor2       0.10  1.24 dn             0.02
nx2582                        (net)                0.00  1.24 dn   (fan)     1.00
ix2581/Y                               xnor2       0.08  1.32 up             0.01
nx2580                        (net)                0.00  1.32 up   (fan)     1.00
ix267/Y                                nor02ii     0.07  1.38 dn             0.01
nx266                         (net)                0.00  1.38 dn   (fan)     1.00
lat_mult_out(5)/Q                      latch       0.09  1.47 dn             0.00
mult_out(5)                   (net)                0.00  1.47 dn   (fan)     1.00
mult_out(5)/                                       0.00  1.47 dn             0.00
data arrival time                                        1.47

data required time                                    not specified
----------------------------------------------------------------------------------
data required time                                    not specified
data arrival time                                        1.47
                                                      ----------
                                                   unconstrained path
----------------------------------------------------------------------------------


Info, Command 'report_delay' finished successfully
